1742120179.687410 client started (70396): version 3.5a, socket /Users/sourav/.tmux-log/tmux-501/default, protocol 8
1742120179.687463 on Darwin 24.3.0 Darwin Kernel Version 24.3.0: Thu Jan  2 20:24:06 PST 2025; root:xnu-11215.81.4~3/RELEASE_ARM64_T8103
1742120179.687479 using libevent 2.1.12-stable select
1742120179.687717 using utf8proc 2.10.0
1742120179.687743 using ncurses 6.5 20240427
1742120179.687770 flags are 0x10010000
1742120179.687784 socket is /Users/sourav/.tmux-log/tmux-501/default
1742120179.687803 trying connect
1742120179.687873 add peer 0x148008000: 6 (0x0)
1742120179.690830 sending message 111 to peer 0x148008000 (8 bytes)
1742120179.690847 sending message 111 to peer 0x148008000 (8 bytes)
1742120179.690855 sending message 101 to peer 0x148008000 (14 bytes)
1742120179.690862 sending message 109 to peer 0x148008000 (4 bytes)
1742120179.690868 sending message 102 to peer 0x148008000 (13 bytes)
1742120179.690875 sending message 108 to peer 0x148008000 (27 bytes)
1742120179.690881 sending message 112 to peer 0x148008000 (70 bytes)
1742120179.690888 sending message 112 to peer 0x148008000 (5 bytes)
1742120179.690895 sending message 112 to peer 0x148008000 (5 bytes)
1742120179.690901 sending message 112 to peer 0x148008000 (6 bytes)
1742120179.690907 sending message 112 to peer 0x148008000 (6 bytes)
1742120179.690913 sending message 112 to peer 0x148008000 (11 bytes)
1742120179.690920 sending message 112 to peer 0x148008000 (10 bytes)
1742120179.690926 sending message 112 to peer 0x148008000 (13 bytes)
1742120179.690932 sending message 112 to peer 0x148008000 (14 bytes)
1742120179.690938 sending message 112 to peer 0x148008000 (9 bytes)
1742120179.690945 sending message 112 to peer 0x148008000 (21 bytes)
1742120179.690951 sending message 112 to peer 0x148008000 (19 bytes)
1742120179.690957 sending message 112 to peer 0x148008000 (11 bytes)
1742120179.690963 sending message 112 to peer 0x148008000 (21 bytes)
1742120179.690969 sending message 112 to peer 0x148008000 (13 bytes)
1742120179.690975 sending message 112 to peer 0x148008000 (7 bytes)
1742120179.690981 sending message 112 to peer 0x148008000 (13 bytes)
1742120179.690988 sending message 112 to peer 0x148008000 (7 bytes)
1742120179.690994 sending message 112 to peer 0x148008000 (13 bytes)
1742120179.691000 sending message 112 to peer 0x148008000 (9 bytes)
1742120179.691006 sending message 112 to peer 0x148008000 (21 bytes)
1742120179.691012 sending message 112 to peer 0x148008000 (13 bytes)
1742120179.691018 sending message 112 to peer 0x148008000 (9 bytes)
1742120179.691024 sending message 112 to peer 0x148008000 (16 bytes)
1742120179.691030 sending message 112 to peer 0x148008000 (13 bytes)
1742120179.691036 sending message 112 to peer 0x148008000 (9 bytes)
1742120179.691042 sending message 112 to peer 0x148008000 (9 bytes)
1742120179.691048 sending message 112 to peer 0x148008000 (12 bytes)
1742120179.691054 sending message 112 to peer 0x148008000 (8 bytes)
1742120179.691060 sending message 112 to peer 0x148008000 (12 bytes)
1742120179.691066 sending message 112 to peer 0x148008000 (8 bytes)
1742120179.691072 sending message 112 to peer 0x148008000 (13 bytes)
1742120179.691079 sending message 112 to peer 0x148008000 (7 bytes)
1742120179.691085 sending message 112 to peer 0x148008000 (7 bytes)
1742120179.691091 sending message 112 to peer 0x148008000 (9 bytes)
1742120179.691097 sending message 112 to peer 0x148008000 (12 bytes)
1742120179.691103 sending message 112 to peer 0x148008000 (6 bytes)
1742120179.691109 sending message 112 to peer 0x148008000 (9 bytes)
1742120179.691115 sending message 112 to peer 0x148008000 (15 bytes)
1742120179.691121 sending message 112 to peer 0x148008000 (13 bytes)
1742120179.691127 sending message 112 to peer 0x148008000 (9 bytes)
1742120179.691133 sending message 112 to peer 0x148008000 (12 bytes)
1742120179.691140 sending message 112 to peer 0x148008000 (8 bytes)
1742120179.691146 sending message 112 to peer 0x148008000 (14 bytes)
1742120179.691152 sending message 112 to peer 0x148008000 (11 bytes)
1742120179.691158 sending message 112 to peer 0x148008000 (9 bytes)
1742120179.691183 sending message 112 to peer 0x148008000 (10 bytes)
1742120179.691187 sending message 112 to peer 0x148008000 (10 bytes)
1742120179.691192 sending message 112 to peer 0x148008000 (10 bytes)
1742120179.691196 sending message 112 to peer 0x148008000 (10 bytes)
1742120179.691200 sending message 112 to peer 0x148008000 (11 bytes)
1742120179.691205 sending message 112 to peer 0x148008000 (12 bytes)
1742120179.691209 sending message 112 to peer 0x148008000 (12 bytes)
1742120179.691213 sending message 112 to peer 0x148008000 (12 bytes)
1742120179.691218 sending message 112 to peer 0x148008000 (12 bytes)
1742120179.691222 sending message 112 to peer 0x148008000 (12 bytes)
1742120179.691226 sending message 112 to peer 0x148008000 (11 bytes)
1742120179.691231 sending message 112 to peer 0x148008000 (11 bytes)
1742120179.691235 sending message 112 to peer 0x148008000 (12 bytes)
1742120179.691239 sending message 112 to peer 0x148008000 (12 bytes)
1742120179.691243 sending message 112 to peer 0x148008000 (12 bytes)
1742120179.691247 sending message 112 to peer 0x148008000 (12 bytes)
1742120179.691252 sending message 112 to peer 0x148008000 (12 bytes)
1742120179.691256 sending message 112 to peer 0x148008000 (9 bytes)
1742120179.691260 sending message 112 to peer 0x148008000 (12 bytes)
1742120179.691264 sending message 112 to peer 0x148008000 (13 bytes)
1742120179.691269 sending message 112 to peer 0x148008000 (13 bytes)
1742120179.691273 sending message 112 to peer 0x148008000 (13 bytes)
1742120179.691277 sending message 112 to peer 0x148008000 (13 bytes)
1742120179.691281 sending message 112 to peer 0x148008000 (13 bytes)
1742120179.691286 sending message 112 to peer 0x148008000 (8 bytes)
1742120179.691290 sending message 112 to peer 0x148008000 (11 bytes)
1742120179.691294 sending message 112 to peer 0x148008000 (11 bytes)
1742120179.691298 sending message 112 to peer 0x148008000 (11 bytes)
1742120179.691302 sending message 112 to peer 0x148008000 (12 bytes)
1742120179.691307 sending message 112 to peer 0x148008000 (12 bytes)
1742120179.691311 sending message 112 to peer 0x148008000 (12 bytes)
1742120179.691315 sending message 112 to peer 0x148008000 (12 bytes)
1742120179.691319 sending message 112 to peer 0x148008000 (13 bytes)
1742120179.691323 sending message 112 to peer 0x148008000 (13 bytes)
1742120179.691328 sending message 112 to peer 0x148008000 (13 bytes)
1742120179.691332 sending message 112 to peer 0x148008000 (8 bytes)
1742120179.691336 sending message 112 to peer 0x148008000 (13 bytes)
1742120179.691340 sending message 112 to peer 0x148008000 (13 bytes)
1742120179.691344 sending message 112 to peer 0x148008000 (13 bytes)
1742120179.691349 sending message 112 to peer 0x148008000 (13 bytes)
1742120179.691353 sending message 112 to peer 0x148008000 (13 bytes)
1742120179.691357 sending message 112 to peer 0x148008000 (12 bytes)
1742120179.691361 sending message 112 to peer 0x148008000 (12 bytes)
1742120179.691365 sending message 112 to peer 0x148008000 (12 bytes)
1742120179.691370 sending message 112 to peer 0x148008000 (12 bytes)
1742120179.691374 sending message 112 to peer 0x148008000 (13 bytes)
1742120179.691378 sending message 112 to peer 0x148008000 (8 bytes)
1742120179.691382 sending message 112 to peer 0x148008000 (13 bytes)
1742120179.691386 sending message 112 to peer 0x148008000 (13 bytes)
1742120179.691391 sending message 112 to peer 0x148008000 (13 bytes)
1742120179.691395 sending message 112 to peer 0x148008000 (13 bytes)
1742120179.691399 sending message 112 to peer 0x148008000 (13 bytes)
1742120179.691403 sending message 112 to peer 0x148008000 (13 bytes)
1742120179.691407 sending message 112 to peer 0x148008000 (13 bytes)
1742120179.691412 sending message 112 to peer 0x148008000 (12 bytes)
1742120179.691416 sending message 112 to peer 0x148008000 (12 bytes)
1742120179.691420 sending message 112 to peer 0x148008000 (12 bytes)
1742120179.691424 sending message 112 to peer 0x148008000 (8 bytes)
1742120179.691428 sending message 112 to peer 0x148008000 (12 bytes)
1742120179.691450 sending message 112 to peer 0x148008000 (13 bytes)
1742120179.691455 sending message 112 to peer 0x148008000 (13 bytes)
1742120179.691459 sending message 112 to peer 0x148008000 (13 bytes)
1742120179.691463 sending message 112 to peer 0x148008000 (13 bytes)
1742120179.691468 sending message 112 to peer 0x148008000 (13 bytes)
1742120179.691472 sending message 112 to peer 0x148008000 (13 bytes)
1742120179.691476 sending message 112 to peer 0x148008000 (13 bytes)
1742120179.691480 sending message 112 to peer 0x148008000 (13 bytes)
1742120179.691485 sending message 112 to peer 0x148008000 (12 bytes)
1742120179.691489 sending message 112 to peer 0x148008000 (10 bytes)
1742120179.691493 sending message 112 to peer 0x148008000 (12 bytes)
1742120179.691497 sending message 112 to peer 0x148008000 (12 bytes)
1742120179.691501 sending message 112 to peer 0x148008000 (12 bytes)
1742120179.691506 sending message 112 to peer 0x148008000 (13 bytes)
1742120179.691510 sending message 112 to peer 0x148008000 (13 bytes)
1742120179.691514 sending message 112 to peer 0x148008000 (13 bytes)
1742120179.691518 sending message 112 to peer 0x148008000 (13 bytes)
1742120179.691523 sending message 112 to peer 0x148008000 (13 bytes)
1742120179.691527 sending message 112 to peer 0x148008000 (13 bytes)
1742120179.691531 sending message 112 to peer 0x148008000 (13 bytes)
1742120179.691535 sending message 112 to peer 0x148008000 (10 bytes)
1742120179.691539 sending message 112 to peer 0x148008000 (13 bytes)
1742120179.691544 sending message 112 to peer 0x148008000 (12 bytes)
1742120179.691548 sending message 112 to peer 0x148008000 (12 bytes)
1742120179.691552 sending message 112 to peer 0x148008000 (12 bytes)
1742120179.691556 sending message 112 to peer 0x148008000 (10 bytes)
1742120179.691560 sending message 112 to peer 0x148008000 (10 bytes)
1742120179.691565 sending message 112 to peer 0x148008000 (10 bytes)
1742120179.691569 sending message 112 to peer 0x148008000 (12 bytes)
1742120179.691573 sending message 112 to peer 0x148008000 (13 bytes)
1742120179.691584 sending message 112 to peer 0x148008000 (13 bytes)
1742120179.691588 sending message 112 to peer 0x148008000 (13 bytes)
1742120179.691592 sending message 112 to peer 0x148008000 (13 bytes)
1742120179.691596 sending message 112 to peer 0x148008000 (13 bytes)
1742120179.691600 sending message 112 to peer 0x148008000 (10 bytes)
1742120179.691604 sending message 112 to peer 0x148008000 (11 bytes)
1742120179.691609 sending message 112 to peer 0x148008000 (12 bytes)
1742120179.691613 sending message 112 to peer 0x148008000 (12 bytes)
1742120179.691617 sending message 112 to peer 0x148008000 (12 bytes)
1742120179.691621 sending message 112 to peer 0x148008000 (12 bytes)
1742120179.691625 sending message 112 to peer 0x148008000 (12 bytes)
1742120179.691630 sending message 112 to peer 0x148008000 (11 bytes)
1742120179.691634 sending message 112 to peer 0x148008000 (12 bytes)
1742120179.691638 sending message 112 to peer 0x148008000 (12 bytes)
1742120179.691642 sending message 112 to peer 0x148008000 (13 bytes)
1742120179.691646 sending message 112 to peer 0x148008000 (13 bytes)
1742120179.691651 sending message 112 to peer 0x148008000 (13 bytes)
1742120179.691655 sending message 112 to peer 0x148008000 (13 bytes)
1742120179.691659 sending message 112 to peer 0x148008000 (13 bytes)
1742120179.691663 sending message 112 to peer 0x148008000 (10 bytes)
1742120179.691667 sending message 112 to peer 0x148008000 (9 bytes)
1742120179.691672 sending message 112 to peer 0x148008000 (12 bytes)
1742120179.691676 sending message 112 to peer 0x148008000 (13 bytes)
1742120179.691680 sending message 112 to peer 0x148008000 (13 bytes)
1742120179.691684 sending message 112 to peer 0x148008000 (13 bytes)
1742120179.691688 sending message 112 to peer 0x148008000 (13 bytes)
1742120179.691692 sending message 112 to peer 0x148008000 (13 bytes)
1742120179.691697 sending message 112 to peer 0x148008000 (9 bytes)
1742120179.691701 sending message 112 to peer 0x148008000 (12 bytes)
1742120179.691705 sending message 112 to peer 0x148008000 (13 bytes)
1742120179.691716 sending message 112 to peer 0x148008000 (13 bytes)
1742120179.691720 sending message 112 to peer 0x148008000 (13 bytes)
1742120179.691725 sending message 112 to peer 0x148008000 (13 bytes)
1742120179.691729 sending message 112 to peer 0x148008000 (13 bytes)
1742120179.691733 sending message 112 to peer 0x148008000 (11 bytes)
1742120179.691737 sending message 112 to peer 0x148008000 (12 bytes)
1742120179.691742 sending message 112 to peer 0x148008000 (13 bytes)
1742120179.691746 sending message 112 to peer 0x148008000 (13 bytes)
1742120179.691750 sending message 112 to peer 0x148008000 (13 bytes)
1742120179.691754 sending message 112 to peer 0x148008000 (13 bytes)
1742120179.691758 sending message 112 to peer 0x148008000 (13 bytes)
1742120179.691763 sending message 112 to peer 0x148008000 (11 bytes)
1742120179.691767 sending message 112 to peer 0x148008000 (12 bytes)
1742120179.691771 sending message 112 to peer 0x148008000 (12 bytes)
1742120179.691775 sending message 112 to peer 0x148008000 (12 bytes)
1742120179.691779 sending message 112 to peer 0x148008000 (12 bytes)
1742120179.691784 sending message 112 to peer 0x148008000 (12 bytes)
1742120179.691788 sending message 112 to peer 0x148008000 (21 bytes)
1742120179.691792 sending message 112 to peer 0x148008000 (12 bytes)
1742120179.691796 sending message 112 to peer 0x148008000 (9 bytes)
1742120179.691801 sending message 112 to peer 0x148008000 (6 bytes)
1742120179.691805 sending message 112 to peer 0x148008000 (13 bytes)
1742120179.691809 sending message 112 to peer 0x148008000 (10 bytes)
1742120179.691813 sending message 112 to peer 0x148008000 (15 bytes)
1742120179.691817 sending message 112 to peer 0x148008000 (13 bytes)
1742120179.691822 sending message 112 to peer 0x148008000 (9 bytes)
1742120179.691826 sending message 112 to peer 0x148008000 (70 bytes)
1742120179.691830 sending message 112 to peer 0x148008000 (69 bytes)
1742120179.691834 sending message 112 to peer 0x148008000 (34 bytes)
1742120179.691839 sending message 112 to peer 0x148008000 (34 bytes)
1742120179.691843 sending message 112 to peer 0x148008000 (70 bytes)
1742120179.691847 sending message 112 to peer 0x148008000 (12 bytes)
1742120179.691852 sending message 112 to peer 0x148008000 (10 bytes)
1742120179.691856 sending message 112 to peer 0x148008000 (10 bytes)
1742120179.691860 sending message 112 to peer 0x148008000 (15 bytes)
1742120179.691864 sending message 112 to peer 0x148008000 (13 bytes)
1742120179.691868 sending message 112 to peer 0x148008000 (10 bytes)
1742120179.691873 sending message 112 to peer 0x148008000 (10 bytes)
1742120179.691877 sending message 112 to peer 0x148008000 (17 bytes)
1742120179.691881 sending message 112 to peer 0x148008000 (10 bytes)
1742120179.691885 sending message 112 to peer 0x148008000 (13 bytes)
1742120179.691890 sending message 112 to peer 0x148008000 (32 bytes)
1742120179.691894 sending message 112 to peer 0x148008000 (5 bytes)
1742120179.691898 sending message 112 to peer 0x148008000 (9 bytes)
1742120179.691902 sending message 112 to peer 0x148008000 (15 bytes)
1742120179.691907 sending message 112 to peer 0x148008000 (5 bytes)
1742120179.691915 sending message 104 to peer 0x148008000 (0 bytes)
1742120179.691922 sending message 110 to peer 0x148008000 (0 bytes)
1742120179.691927 sending message 107 to peer 0x148008000 (4 bytes)
1742120179.691931 sending message 105 to peer 0x148008000 (20 bytes)
1742120179.691935 sending message 105 to peer 0x148008000 (22 bytes)
1742120179.691940 sending message 105 to peer 0x148008000 (27 bytes)
1742120179.691944 sending message 105 to peer 0x148008000 (23 bytes)
1742120179.691948 sending message 105 to peer 0x148008000 (17 bytes)
1742120179.691953 sending message 105 to peer 0x148008000 (27 bytes)
1742120179.691957 sending message 105 to peer 0x148008000 (22 bytes)
1742120179.691961 sending message 105 to peer 0x148008000 (109 bytes)
1742120179.691966 sending message 105 to peer 0x148008000 (16 bytes)
1742120179.691970 sending message 105 to peer 0x148008000 (57 bytes)
1742120179.691987 sending message 105 to peer 0x148008000 (75 bytes)
1742120179.691992 sending message 105 to peer 0x148008000 (38 bytes)
1742120179.691996 sending message 105 to peer 0x148008000 (37 bytes)
1742120179.692001 sending message 105 to peer 0x148008000 (19 bytes)
1742120179.692005 sending message 105 to peer 0x148008000 (37 bytes)
1742120179.692009 sending message 105 to peer 0x148008000 (30 bytes)
1742120179.692013 sending message 105 to peer 0x148008000 (34 bytes)
1742120179.692018 sending message 105 to peer 0x148008000 (185 bytes)
1742120179.692022 sending message 105 to peer 0x148008000 (17 bytes)
1742120179.692026 sending message 105 to peer 0x148008000 (8 bytes)
1742120179.692031 sending message 105 to peer 0x148008000 (15 bytes)
1742120179.692035 sending message 105 to peer 0x148008000 (32 bytes)
1742120179.692039 sending message 105 to peer 0x148008000 (96 bytes)
1742120179.692044 sending message 105 to peer 0x148008000 (54 bytes)
1742120179.692048 sending message 105 to peer 0x148008000 (210 bytes)
1742120179.692052 sending message 105 to peer 0x148008000 (54 bytes)
1742120179.692057 sending message 105 to peer 0x148008000 (16 bytes)
1742120179.692063 sending message 105 to peer 0x148008000 (27 bytes)
1742120179.692068 sending message 105 to peer 0x148008000 (63 bytes)
1742120179.692072 sending message 105 to peer 0x148008000 (34 bytes)
1742120179.692077 sending message 105 to peer 0x148008000 (11 bytes)
1742120179.692081 sending message 105 to peer 0x148008000 (570 bytes)
1742120179.692086 sending message 105 to peer 0x148008000 (31 bytes)
1742120179.692091 sending message 105 to peer 0x148008000 (24 bytes)
1742120179.692095 sending message 105 to peer 0x148008000 (15 bytes)
1742120179.692099 sending message 105 to peer 0x148008000 (8 bytes)
1742120179.692103 sending message 105 to peer 0x148008000 (66 bytes)
1742120179.692107 sending message 105 to peer 0x148008000 (61 bytes)
1742120179.692112 sending message 105 to peer 0x148008000 (38 bytes)
1742120179.692116 sending message 105 to peer 0x148008000 (19 bytes)
1742120179.692120 sending message 105 to peer 0x148008000 (19 bytes)
1742120179.692124 sending message 105 to peer 0x148008000 (63 bytes)
1742120179.692129 sending message 105 to peer 0x148008000 (18 bytes)
1742120179.692133 sending message 105 to peer 0x148008000 (26 bytes)
1742120179.692137 sending message 105 to peer 0x148008000 (57 bytes)
1742120179.692141 sending message 105 to peer 0x148008000 (54 bytes)
1742120179.692146 sending message 105 to peer 0x148008000 (13 bytes)
1742120179.692150 sending message 105 to peer 0x148008000 (61 bytes)
1742120179.692154 sending message 105 to peer 0x148008000 (36 bytes)
1742120179.692158 sending message 105 to peer 0x148008000 (12 bytes)
1742120179.692163 sending message 105 to peer 0x148008000 (98 bytes)
1742120179.692167 sending message 105 to peer 0x148008000 (14 bytes)
1742120179.692171 sending message 105 to peer 0x148008000 (19 bytes)
1742120179.692175 sending message 105 to peer 0x148008000 (36 bytes)
1742120179.692180 sending message 105 to peer 0x148008000 (29 bytes)
1742120179.692184 sending message 105 to peer 0x148008000 (43 bytes)
1742120179.692188 sending message 105 to peer 0x148008000 (32 bytes)
1742120179.692192 sending message 105 to peer 0x148008000 (25 bytes)
1742120179.692197 sending message 106 to peer 0x148008000 (0 bytes)
1742120179.692278 sending message 200 to peer 0x148008000 (4 bytes)
1742120179.692285 client loop enter
1742120179.692552 peer 0x148008000 message 303
1742120179.692562 open write file 2 -
1742120179.692574 sending message 305 to peer 0x148008000 (8 bytes)
1742120179.692587 write check file 2
1742120179.692610 peer 0x148008000 message 304
1742120179.692615 write 58 to file 2
1742120179.692620 peer 0x148008000 message 203
1742120179.692625 file 2 58 bytes left
1742120179.692639 write check file 2
1742120179.692644 client loop exit
